2025-08-15 17:16:47 [main] INFO  c.h.amazecare.AmazeCareApplication - Starting AmazeCareApplication using Java 21.0.3 with PID 16928 (C:\Users\ASUS\Desktop\eclipse\amaze-care\target\classes started by ASUS in C:\Users\ASUS\Desktop\eclipse\amaze-care)
2025-08-15 17:16:47 [main] DEBUG c.h.amazecare.AmazeCareApplication - Running with Spring Boot v3.5.4, Spring v6.2.9
2025-08-15 17:16:47 [main] INFO  c.h.amazecare.AmazeCareApplication - No active profile set, falling back to 1 default profile: "default"
2025-08-15 17:16:48 [main] INFO  o.s.d.r.c.RepositoryConfigurationDelegate - Bootstrapping Spring Data JPA repositories in DEFAULT mode.
2025-08-15 17:16:48 [main] INFO  o.s.d.r.c.RepositoryConfigurationDelegate - Finished Spring Data repository scanning in 65 ms. Found 7 JPA repository interfaces.
2025-08-15 17:16:49 [main] INFO  o.s.b.w.e.tomcat.TomcatWebServer - Tomcat initialized with port 8080 (http)
2025-08-15 17:16:49 [main] INFO  o.a.catalina.core.StandardService - Starting service [Tomcat]
2025-08-15 17:16:49 [main] INFO  o.a.catalina.core.StandardEngine - Starting Servlet engine: [Apache Tomcat/10.1.43]
2025-08-15 17:16:49 [main] INFO  o.a.c.c.C.[Tomcat].[localhost].[/] - Initializing Spring embedded WebApplicationContext
2025-08-15 17:16:49 [main] INFO  o.s.b.w.s.c.ServletWebServerApplicationContext - Root WebApplicationContext: initialization completed in 2452 ms
2025-08-15 17:16:49 [main] DEBUG c.h.amazecare.security.JwtAuthFilter - Filter 'jwtAuthFilter' configured for use
2025-08-15 17:16:49 [main] INFO  o.h.jpa.internal.util.LogHelper - HHH000204: Processing PersistenceUnitInfo [name: default]
2025-08-15 17:16:49 [main] INFO  org.hibernate.Version - HHH000412: Hibernate ORM core version 6.6.22.Final
2025-08-15 17:16:49 [main] INFO  o.h.c.i.RegionFactoryInitiator - HHH000026: Second-level cache disabled
2025-08-15 17:16:50 [main] INFO  o.s.o.j.p.SpringPersistenceUnitInfo - No LoadTimeWeaver setup: ignoring JPA class transformer
2025-08-15 17:16:50 [main] INFO  com.zaxxer.hikari.HikariDataSource - HikariPool-1 - Starting...
2025-08-15 17:16:50 [main] INFO  com.zaxxer.hikari.pool.HikariPool - HikariPool-1 - Added connection com.mysql.cj.jdbc.ConnectionImpl@21eedcde
2025-08-15 17:16:50 [main] INFO  com.zaxxer.hikari.HikariDataSource - HikariPool-1 - Start completed.
2025-08-15 17:16:50 [main] WARN  org.hibernate.orm.deprecation - HHH90000025: MySQL8Dialect does not need to be specified explicitly using 'hibernate.dialect' (remove the property setting and it will be selected by default)
2025-08-15 17:16:50 [main] WARN  org.hibernate.orm.deprecation - HHH90000026: MySQL8Dialect has been deprecated; use org.hibernate.dialect.MySQLDialect instead
2025-08-15 17:16:50 [main] INFO  o.hibernate.orm.connections.pooling - HHH10001005: Database info:
	Database JDBC URL [Connecting through datasource 'HikariDataSource (HikariPool-1)']
	Database driver: undefined/unknown
	Database version: 8.0
	Autocommit mode: undefined/unknown
	Isolation level: undefined/unknown
	Minimum pool size: undefined/unknown
	Maximum pool size: undefined/unknown
2025-08-15 17:16:52 [main] INFO  o.h.e.t.j.p.i.JtaPlatformInitiator - HHH000489: No JTA platform available (set 'hibernate.transaction.jta.platform' to enable JTA platform integration)
2025-08-15 17:16:52 [main] INFO  o.s.o.j.LocalContainerEntityManagerFactoryBean - Initialized JPA EntityManagerFactory for persistence unit 'default'
2025-08-15 17:16:52 [main] WARN  o.s.b.a.o.j.JpaBaseConfiguration$JpaWebConfiguration - spring.jpa.open-in-view is enabled by default. Therefore, database queries may be performed during view rendering. Explicitly configure spring.jpa.open-in-view to disable this warning
2025-08-15 17:16:53 [main] INFO  o.s.s.c.a.a.c.InitializeUserDetailsBeanManagerConfigurer$InitializeUserDetailsManagerConfigurer - Global AuthenticationManager configured with UserDetailsService bean with name customUserDetailsService
2025-08-15 17:16:53 [main] INFO  o.s.b.w.e.tomcat.TomcatWebServer - Tomcat started on port 8080 (http) with context path '/'
2025-08-15 17:16:53 [main] INFO  c.h.amazecare.AmazeCareApplication - Started AmazeCareApplication in 7.57 seconds (process running for 8.914)
2025-08-15 17:17:37 [http-nio-8080-exec-1] INFO  o.a.c.c.C.[Tomcat].[localhost].[/] - Initializing Spring DispatcherServlet 'dispatcherServlet'
2025-08-15 17:17:37 [http-nio-8080-exec-1] INFO  o.s.web.servlet.DispatcherServlet - Initializing Servlet 'dispatcherServlet'
2025-08-15 17:17:37 [http-nio-8080-exec-1] INFO  o.s.web.servlet.DispatcherServlet - Completed initialization in 3 ms
2025-08-15 17:31:41 [http-nio-8080-exec-5] INFO  c.h.a.service.PrescriptionServiceImp - Adding prescription for recordId: 43 by doctorId: 172
2025-08-15 17:33:20 [http-nio-8080-exec-8] ERROR c.h.a.r.GlobalExceptionHandler - Exception occurred
2025-08-15 17:33:33 [http-nio-8080-exec-10] INFO  c.h.a.r.RecommendTestRestController - Received request to add recommended test: MRI Brain Scan
2025-08-15 17:33:33 [http-nio-8080-exec-10] INFO  c.h.a.service.RecommendTestImp - Adding new recommended test: MRI Brain Scan
2025-08-15 17:33:33 [http-nio-8080-exec-10] ERROR c.h.a.service.RecommendTestImp - Appointment not found for ID: 43
2025-08-15 17:33:33 [http-nio-8080-exec-10] ERROR c.h.a.r.GlobalExceptionHandler - Appointment not found
2025-08-15 17:36:29 [http-nio-8080-exec-3] INFO  c.h.a.r.RecommendTestRestController - Received request to add recommended test: MRI Brain Scan
2025-08-15 17:36:29 [http-nio-8080-exec-3] INFO  c.h.a.service.RecommendTestImp - Adding new recommended test: MRI Brain Scan
2025-08-15 17:36:29 [http-nio-8080-exec-3] ERROR c.h.a.service.RecommendTestImp - Appointment not found for ID: 43
2025-08-15 17:36:29 [http-nio-8080-exec-3] ERROR c.h.a.r.GlobalExceptionHandler - Appointment not found
2025-08-15 17:38:08 [RMI TCP Connection(26)-127.0.0.1] INFO  o.s.b.a.SpringApplicationAdminMXBeanRegistrar$SpringApplicationAdmin - Application shutdown requested.
2025-08-15 17:38:08 [RMI TCP Connection(26)-127.0.0.1] INFO  o.s.b.w.e.tomcat.GracefulShutdown - Commencing graceful shutdown. Waiting for active requests to complete
2025-08-15 17:38:08 [tomcat-shutdown] INFO  o.s.b.w.e.tomcat.GracefulShutdown - Graceful shutdown complete
2025-08-15 17:38:08 [RMI TCP Connection(26)-127.0.0.1] INFO  o.s.o.j.LocalContainerEntityManagerFactoryBean - Closing JPA EntityManagerFactory for persistence unit 'default'
2025-08-15 17:38:08 [RMI TCP Connection(26)-127.0.0.1] INFO  com.zaxxer.hikari.HikariDataSource - HikariPool-1 - Shutdown initiated...
2025-08-15 17:38:08 [RMI TCP Connection(26)-127.0.0.1] INFO  com.zaxxer.hikari.HikariDataSource - HikariPool-1 - Shutdown completed.
2025-08-15 17:38:16 [main] INFO  c.h.amazecare.AmazeCareApplication - Starting AmazeCareApplication using Java 21.0.3 with PID 23840 (C:\Users\ASUS\Desktop\eclipse\amaze-care\target\classes started by ASUS in C:\Users\ASUS\Desktop\eclipse\amaze-care)
2025-08-15 17:38:16 [main] DEBUG c.h.amazecare.AmazeCareApplication - Running with Spring Boot v3.5.4, Spring v6.2.9
2025-08-15 17:38:16 [main] INFO  c.h.amazecare.AmazeCareApplication - No active profile set, falling back to 1 default profile: "default"
2025-08-15 17:38:16 [main] INFO  o.s.d.r.c.RepositoryConfigurationDelegate - Bootstrapping Spring Data JPA repositories in DEFAULT mode.
2025-08-15 17:38:16 [main] INFO  o.s.d.r.c.RepositoryConfigurationDelegate - Finished Spring Data repository scanning in 61 ms. Found 7 JPA repository interfaces.
2025-08-15 17:38:17 [main] INFO  o.s.b.w.e.tomcat.TomcatWebServer - Tomcat initialized with port 8080 (http)
2025-08-15 17:38:17 [main] INFO  o.a.catalina.core.StandardService - Starting service [Tomcat]
2025-08-15 17:38:17 [main] INFO  o.a.catalina.core.StandardEngine - Starting Servlet engine: [Apache Tomcat/10.1.43]
2025-08-15 17:38:17 [main] INFO  o.a.c.c.C.[Tomcat].[localhost].[/] - Initializing Spring embedded WebApplicationContext
2025-08-15 17:38:17 [main] INFO  o.s.b.w.s.c.ServletWebServerApplicationContext - Root WebApplicationContext: initialization completed in 1591 ms
2025-08-15 17:38:17 [main] DEBUG c.h.amazecare.security.JwtAuthFilter - Filter 'jwtAuthFilter' configured for use
2025-08-15 17:38:17 [main] INFO  o.h.jpa.internal.util.LogHelper - HHH000204: Processing PersistenceUnitInfo [name: default]
2025-08-15 17:38:17 [main] INFO  org.hibernate.Version - HHH000412: Hibernate ORM core version 6.6.22.Final
2025-08-15 17:38:17 [main] INFO  o.h.c.i.RegionFactoryInitiator - HHH000026: Second-level cache disabled
2025-08-15 17:38:18 [main] INFO  o.s.o.j.p.SpringPersistenceUnitInfo - No LoadTimeWeaver setup: ignoring JPA class transformer
2025-08-15 17:38:18 [main] INFO  com.zaxxer.hikari.HikariDataSource - HikariPool-1 - Starting...
2025-08-15 17:38:18 [main] INFO  com.zaxxer.hikari.pool.HikariPool - HikariPool-1 - Added connection com.mysql.cj.jdbc.ConnectionImpl@27210a3b
2025-08-15 17:38:18 [main] INFO  com.zaxxer.hikari.HikariDataSource - HikariPool-1 - Start completed.
2025-08-15 17:38:18 [main] WARN  org.hibernate.orm.deprecation - HHH90000025: MySQL8Dialect does not need to be specified explicitly using 'hibernate.dialect' (remove the property setting and it will be selected by default)
2025-08-15 17:38:18 [main] WARN  org.hibernate.orm.deprecation - HHH90000026: MySQL8Dialect has been deprecated; use org.hibernate.dialect.MySQLDialect instead
2025-08-15 17:38:18 [main] INFO  o.hibernate.orm.connections.pooling - HHH10001005: Database info:
	Database JDBC URL [Connecting through datasource 'HikariDataSource (HikariPool-1)']
	Database driver: undefined/unknown
	Database version: 8.0
	Autocommit mode: undefined/unknown
	Isolation level: undefined/unknown
	Minimum pool size: undefined/unknown
	Maximum pool size: undefined/unknown
2025-08-15 17:38:19 [main] INFO  o.h.e.t.j.p.i.JtaPlatformInitiator - HHH000489: No JTA platform available (set 'hibernate.transaction.jta.platform' to enable JTA platform integration)
2025-08-15 17:38:20 [main] INFO  o.s.o.j.LocalContainerEntityManagerFactoryBean - Initialized JPA EntityManagerFactory for persistence unit 'default'
2025-08-15 17:38:20 [main] WARN  o.s.b.a.o.j.JpaBaseConfiguration$JpaWebConfiguration - spring.jpa.open-in-view is enabled by default. Therefore, database queries may be performed during view rendering. Explicitly configure spring.jpa.open-in-view to disable this warning
2025-08-15 17:38:21 [main] INFO  o.s.s.c.a.a.c.InitializeUserDetailsBeanManagerConfigurer$InitializeUserDetailsManagerConfigurer - Global AuthenticationManager configured with UserDetailsService bean with name customUserDetailsService
2025-08-15 17:38:21 [main] INFO  o.s.b.w.e.tomcat.TomcatWebServer - Tomcat started on port 8080 (http) with context path '/'
2025-08-15 17:38:21 [main] INFO  c.h.amazecare.AmazeCareApplication - Started AmazeCareApplication in 6.043 seconds (process running for 6.822)
2025-08-15 17:41:46 [RMI TCP Connection(7)-127.0.0.1] INFO  o.s.b.a.SpringApplicationAdminMXBeanRegistrar$SpringApplicationAdmin - Application shutdown requested.
2025-08-15 17:41:46 [RMI TCP Connection(7)-127.0.0.1] INFO  o.s.b.w.e.tomcat.GracefulShutdown - Commencing graceful shutdown. Waiting for active requests to complete
2025-08-15 17:41:46 [tomcat-shutdown] INFO  o.s.b.w.e.tomcat.GracefulShutdown - Graceful shutdown complete
2025-08-15 17:41:46 [RMI TCP Connection(7)-127.0.0.1] INFO  o.s.o.j.LocalContainerEntityManagerFactoryBean - Closing JPA EntityManagerFactory for persistence unit 'default'
2025-08-15 17:41:46 [RMI TCP Connection(7)-127.0.0.1] INFO  com.zaxxer.hikari.HikariDataSource - HikariPool-1 - Shutdown initiated...
2025-08-15 17:41:46 [RMI TCP Connection(7)-127.0.0.1] INFO  com.zaxxer.hikari.HikariDataSource - HikariPool-1 - Shutdown completed.
2025-08-15 17:48:12 [main] INFO  c.h.amazecare.AmazeCareApplication - Starting AmazeCareApplication using Java 21.0.3 with PID 19012 (C:\Users\ASUS\Desktop\eclipse\amaze-care\target\classes started by ASUS in C:\Users\ASUS\Desktop\eclipse\amaze-care)
2025-08-15 17:48:12 [main] DEBUG c.h.amazecare.AmazeCareApplication - Running with Spring Boot v3.5.4, Spring v6.2.9
2025-08-15 17:48:12 [main] INFO  c.h.amazecare.AmazeCareApplication - No active profile set, falling back to 1 default profile: "default"
2025-08-15 17:48:13 [main] INFO  o.s.d.r.c.RepositoryConfigurationDelegate - Bootstrapping Spring Data JPA repositories in DEFAULT mode.
2025-08-15 17:48:13 [main] INFO  o.s.d.r.c.RepositoryConfigurationDelegate - Finished Spring Data repository scanning in 69 ms. Found 7 JPA repository interfaces.
2025-08-15 17:48:13 [main] INFO  o.s.b.w.e.tomcat.TomcatWebServer - Tomcat initialized with port 8080 (http)
2025-08-15 17:48:13 [main] INFO  o.a.catalina.core.StandardService - Starting service [Tomcat]
2025-08-15 17:48:13 [main] INFO  o.a.catalina.core.StandardEngine - Starting Servlet engine: [Apache Tomcat/10.1.43]
2025-08-15 17:48:14 [main] INFO  o.a.c.c.C.[Tomcat].[localhost].[/] - Initializing Spring embedded WebApplicationContext
2025-08-15 17:48:14 [main] INFO  o.s.b.w.s.c.ServletWebServerApplicationContext - Root WebApplicationContext: initialization completed in 1560 ms
2025-08-15 17:48:14 [main] DEBUG c.h.amazecare.security.JwtAuthFilter - Filter 'jwtAuthFilter' configured for use
2025-08-15 17:48:14 [main] INFO  o.h.jpa.internal.util.LogHelper - HHH000204: Processing PersistenceUnitInfo [name: default]
2025-08-15 17:48:14 [main] INFO  org.hibernate.Version - HHH000412: Hibernate ORM core version 6.6.22.Final
2025-08-15 17:48:14 [main] INFO  o.h.c.i.RegionFactoryInitiator - HHH000026: Second-level cache disabled
2025-08-15 17:48:14 [main] INFO  o.s.o.j.p.SpringPersistenceUnitInfo - No LoadTimeWeaver setup: ignoring JPA class transformer
2025-08-15 17:48:14 [main] INFO  com.zaxxer.hikari.HikariDataSource - HikariPool-1 - Starting...
2025-08-15 17:48:14 [main] INFO  com.zaxxer.hikari.pool.HikariPool - HikariPool-1 - Added connection com.mysql.cj.jdbc.ConnectionImpl@58b03029
2025-08-15 17:48:14 [main] INFO  com.zaxxer.hikari.HikariDataSource - HikariPool-1 - Start completed.
2025-08-15 17:48:15 [main] WARN  org.hibernate.orm.deprecation - HHH90000025: MySQL8Dialect does not need to be specified explicitly using 'hibernate.dialect' (remove the property setting and it will be selected by default)
2025-08-15 17:48:15 [main] WARN  org.hibernate.orm.deprecation - HHH90000026: MySQL8Dialect has been deprecated; use org.hibernate.dialect.MySQLDialect instead
2025-08-15 17:48:15 [main] INFO  o.hibernate.orm.connections.pooling - HHH10001005: Database info:
	Database JDBC URL [Connecting through datasource 'HikariDataSource (HikariPool-1)']
	Database driver: undefined/unknown
	Database version: 8.0
	Autocommit mode: undefined/unknown
	Isolation level: undefined/unknown
	Minimum pool size: undefined/unknown
	Maximum pool size: undefined/unknown
2025-08-15 17:48:16 [main] INFO  o.h.e.t.j.p.i.JtaPlatformInitiator - HHH000489: No JTA platform available (set 'hibernate.transaction.jta.platform' to enable JTA platform integration)
2025-08-15 17:48:16 [main] INFO  o.s.o.j.LocalContainerEntityManagerFactoryBean - Initialized JPA EntityManagerFactory for persistence unit 'default'
2025-08-15 17:48:16 [main] WARN  o.s.b.a.o.j.JpaBaseConfiguration$JpaWebConfiguration - spring.jpa.open-in-view is enabled by default. Therefore, database queries may be performed during view rendering. Explicitly configure spring.jpa.open-in-view to disable this warning
2025-08-15 17:48:17 [main] INFO  o.s.s.c.a.a.c.InitializeUserDetailsBeanManagerConfigurer$InitializeUserDetailsManagerConfigurer - Global AuthenticationManager configured with UserDetailsService bean with name customUserDetailsService
2025-08-15 17:48:17 [main] INFO  o.s.b.w.e.tomcat.TomcatWebServer - Tomcat started on port 8080 (http) with context path '/'
2025-08-15 17:48:17 [main] INFO  c.h.amazecare.AmazeCareApplication - Started AmazeCareApplication in 5.846 seconds (process running for 6.693)
2025-08-15 17:48:38 [http-nio-8080-exec-1] INFO  o.a.c.c.C.[Tomcat].[localhost].[/] - Initializing Spring DispatcherServlet 'dispatcherServlet'
2025-08-15 17:48:38 [http-nio-8080-exec-1] INFO  o.s.web.servlet.DispatcherServlet - Initializing Servlet 'dispatcherServlet'
2025-08-15 17:48:38 [http-nio-8080-exec-1] INFO  o.s.web.servlet.DispatcherServlet - Completed initialization in 4 ms
2025-08-15 17:49:10 [http-nio-8080-exec-3] INFO  c.h.a.r.RecommendTestRestController - Received request to add recommended test: MRI Brain Scan
2025-08-15 17:49:10 [http-nio-8080-exec-3] INFO  c.h.a.service.RecommendTestImp - Adding new recommended test: MRI Brain Scan
2025-08-15 17:55:22 [http-nio-8080-exec-6] ERROR c.h.a.r.GlobalExceptionHandler - Exception occurred
2025-08-15 17:55:33 [http-nio-8080-exec-8] ERROR c.h.a.r.GlobalExceptionHandler - Exception occurred
2025-08-15 17:57:50 [http-nio-8080-exec-3] ERROR c.h.a.r.GlobalExceptionHandler - Exception occurred
2025-08-15 17:57:57 [http-nio-8080-exec-5] INFO  c.h.a.r.RecommendTestRestController - Received request to get recommended tests by appointment ID: 130
2025-08-15 17:57:57 [http-nio-8080-exec-5] INFO  c.h.a.service.RecommendTestImp - Fetching recommended tests for appointment ID: 130
2025-08-15 17:59:27 [http-nio-8080-exec-8] INFO  c.h.a.service.PrescriptionServiceImp - Fetching prescription for medical record ID: 43
2025-08-15 17:59:41 [RMI TCP Connection(15)-127.0.0.1] INFO  o.s.b.a.SpringApplicationAdminMXBeanRegistrar$SpringApplicationAdmin - Application shutdown requested.
2025-08-15 17:59:41 [RMI TCP Connection(15)-127.0.0.1] INFO  o.s.b.w.e.tomcat.GracefulShutdown - Commencing graceful shutdown. Waiting for active requests to complete
2025-08-15 17:59:41 [tomcat-shutdown] INFO  o.s.b.w.e.tomcat.GracefulShutdown - Graceful shutdown complete
2025-08-15 17:59:41 [RMI TCP Connection(15)-127.0.0.1] INFO  o.s.o.j.LocalContainerEntityManagerFactoryBean - Closing JPA EntityManagerFactory for persistence unit 'default'
2025-08-15 17:59:41 [RMI TCP Connection(15)-127.0.0.1] INFO  com.zaxxer.hikari.HikariDataSource - HikariPool-1 - Shutdown initiated...
2025-08-15 17:59:41 [RMI TCP Connection(15)-127.0.0.1] INFO  com.zaxxer.hikari.HikariDataSource - HikariPool-1 - Shutdown completed.
